#
# A fatal error has been detected by the Java Runtime Environment:
#
#  EXCEPTION_ACCESS_VIOLATION (0xc0000005) at pc=0x000000005cf00860, pid=1516, tid=4688
#
# JRE version: Java(TM) SE Runtime Environment (7.0_79-b15) (build 1.7.0_79-b15)
# Java VM: Java HotSpot(TM) 64-Bit Server VM (24.79-b02 mixed mode windows-amd64 compressed oops)
# Problematic frame:
# V  [jvm.dll+0x60860]
#
# Failed to write core dump. Minidumps are not enabled by default on client versions of Windows
#
# If you would like to submit a bug report, please visit:
#   http://bugreport.java.com/bugreport/crash.jsp
#

---------------  T H R E A D  ---------------

Current thread (0x0000000008430000):  VMThread [stack: 0x00000000094f0000,0x00000000095f0000] [id=4688]

siginfo: ExceptionCode=0xc0000005, reading address 0xffffffffffffffff

Registers:
RAX=0x00000000025be570, RBX=0x0080000000000000, RCX=0x00000000082f0080, RDX=0x00000000eaa95130
RSP=0x00000000095ef130, RBP=0x00000000095ef238, RSI=0x0000000008311888, RDI=0x0000000000000000
R8 =0x000000000000ea6d, R9 =0x00000000095ef238, R10=0x0000000000000001, R11=0x00000000095ef188
R12=0x0000000000021808, R13=0x0000000000021808, R14=0x000000005d5c4388, R15=0x00000000095ef258
RIP=0x000000005cf00860, EFLAGS=0x0000000000010206

Top of Stack: (sp=0x00000000095ef130)
0x00000000095ef130:   00000000095ef388 000000005d0e9338
0x00000000095ef140:   000000000259d3e0 000000005cebd25e
0x00000000095ef150:   000000000000a76c 0000000000000001
0x00000000095ef160:   000000005d5c4220 00000000025a1790
0x00000000095ef170:   0000000000000004 000000005d469ab0
0x00000000095ef180:   00000000095ef2d0 000000005cf0150d
0x00000000095ef190:   000000005d5c4388 00000000025ae070
0x00000000095ef1a0:   000000000842ef50 0000000000000000
0x00000000095ef1b0:   00000000095ef258 0000000000000000
0x00000000095ef1c0:   0000000000000000 000000005d24712c
0x00000000095ef1d0:   00000000025ae070 000000000842ef50
0x00000000095ef1e0:   000000000842ef50 0000000000000000
0x00000000095ef1f0:   000000005d5c4220 0000000000000000
0x00000000095ef200:   000000005d5c4220 00000000095ef401
0x00000000095ef210:   0000000002720d01 0000000002720c01
0x00000000095ef220:   0000000002720d10 0000000002720bd0 

Instructions: (pc=0x000000005cf00860)
0x000000005cf00840:   48 8b 05 49 e9 6d 00 48 8b 48 08 49 8b 1c 0c 49
0x000000005cf00850:   8d 74 0d 00 48 85 db 74 68 4c 8b 74 24 60 66 90
0x000000005cf00860:   0f b6 43 08 24 01 74 09 83 3d 95 8f 6f 00 00 74
0x000000005cf00870:   4b 84 c0 75 37 49 8b 06 48 8b 53 10 49 8b ce ff 


Register to memory mapping:

RAX=0x00000000025be570 is an unknown value
RBX=0x0080000000000000 is an unknown value
RCX=0x00000000082f0080 is an unknown value
RDX=0x00000000eaa95130 is an oop
java.lang.String 
 - klass: 'java/lang/String'
RSP=0x00000000095ef130 is an unknown value
RBP=0x00000000095ef238 is an unknown value
RSI=0x0000000008311888 is an unknown value
RDI=0x0000000000000000 is an unknown value
R8 =0x000000000000ea6d is an unknown value
R9 =0x00000000095ef238 is an unknown value
R10=0x0000000000000001 is an unknown value
R11=0x00000000095ef188 is an unknown value
R12=0x0000000000021808 is an unknown value
R13=0x0000000000021808 is an unknown value
R14=0x000000005d5c4388 is an unknown value
R15=0x00000000095ef258 is an unknown value


Stack: [0x00000000094f0000,0x00000000095f0000],  sp=0x00000000095ef130,  free space=1020k
Native frames: (J=compiled Java code, j=interpreted, Vv=VM code, C=native code)
V  [jvm.dll+0x60860]

VM_Operation (0x000000000a5ee770): ParallelGCFailedAllocation, mode: safepoint, requested by thread 0x0000000009f2e800


---------------  P R O C E S S  ---------------

Java Threads: ( => current thread )
  0x0000000009f31000 JavaThread "pool-1-thread-4" [_thread_blocked, id=2184, stack(0x000000000a5f0000,0x000000000a6f0000)]
  0x0000000009f2e800 JavaThread "pool-1-thread-3" [_thread_blocked, id=4336, stack(0x000000000a4f0000,0x000000000a5f0000)]
  0x0000000009f2b800 JavaThread "pool-1-thread-2" [_thread_blocked, id=1576, stack(0x000000000a3f0000,0x000000000a4f0000)]
  0x0000000009f29000 JavaThread "pool-2-thread-1" [_thread_blocked, id=1216, stack(0x000000000a2f0000,0x000000000a3f0000)]
  0x0000000009f28000 JavaThread "pool-1-thread-1" [_thread_blocked, id=3264, stack(0x000000000a1f0000,0x000000000a2f0000)]
  0x0000000008483800 JavaThread "Service Thread" daemon [_thread_blocked, id=4832, stack(0x0000000009bf0000,0x0000000009cf0000)]
  0x000000000847d800 JavaThread "C2 CompilerThread1" daemon [_thread_blocked, id=3136, stack(0x0000000009af0000,0x0000000009bf0000)]
  0x0000000008473800 JavaThread "C2 CompilerThread0" daemon [_thread_blocked, id=2684, stack(0x00000000099f0000,0x0000000009af0000)]
  0x0000000008472800 JavaThread "Attach Listener" daemon [_thread_blocked, id=5112, stack(0x00000000098f0000,0x00000000099f0000)]
  0x000000000846f800 JavaThread "Signal Dispatcher" daemon [_thread_blocked, id=5012, stack(0x00000000097f0000,0x00000000098f0000)]
  0x000000000843f000 JavaThread "Finalizer" daemon [_thread_blocked, id=4748, stack(0x00000000096f0000,0x00000000097f0000)]
  0x0000000008435000 JavaThread "Reference Handler" daemon [_thread_blocked, id=1736, stack(0x00000000095f0000,0x00000000096f0000)]
  0x00000000025a0800 JavaThread "main" [_thread_blocked, id=3712, stack(0x0000000002470000,0x0000000002570000)]

Other Threads:
=>0x0000000008430000 VMThread [stack: 0x00000000094f0000,0x00000000095f0000] [id=4688]
  0x0000000008491000 WatcherThread [stack: 0x0000000009cf0000,0x0000000009df0000] [id=3296]

VM state:at safepoint (normal execution)

VM Mutex/Monitor currently owned by a thread:  ([mutex/lock_event])
[0x000000000259bad0] Threads_lock - owner thread: 0x0000000008430000
[0x000000000259c250] Heap_lock - owner thread: 0x0000000009f2e800

Heap
 PSYoungGen      total 18432K, used 15872K [0x00000000eaa80000, 0x00000000ebf00000, 0x0000000100000000)
  eden space 15872K, 100% used [0x00000000eaa80000,0x00000000eba00000,0x00000000eba00000)
  from space 2560K, 0% used [0x00000000ebc80000,0x00000000ebc80000,0x00000000ebf00000)
  to   space 2560K, 99% used [0x00000000eba00000,0x00000000ebc7aaa8,0x00000000ebc80000)
 ParOldGen       total 41472K, used 1364K [0x00000000c0000000, 0x00000000c2880000, 0x00000000eaa80000)
  object space 41472K, 3% used [0x00000000c0000000,0x00000000c0155130,0x00000000c2880000)
 PSPermGen       total 21504K, used 5626K [0x00000000bae00000, 0x00000000bc300000, 0x00000000c0000000)
  object space 21504K, 26% used [0x00000000bae00000,0x00000000bb37e8d0,0x00000000bc300000)

Card table byte_map: [0x00000000056a0000,0x00000000058d0000] byte_map_base: 0x00000000050c9000

Polling page: 0x0000000000a90000

Code Cache  [0x00000000026a0000, 0x0000000002910000, 0x00000000056a0000)
 total_blobs=332 nmethods=94 adapters=189 free_code_cache=48589Kb largest_free_block=49737472

Compilation events (10 events):
Event: 4.581 Thread 0x000000000847d800 nmethod 89 0x000000000271f650 code [0x000000000271f780, 0x000000000271f8f8]
Event: 4.602 Thread 0x0000000008473800   91             com.android.dx.ssa.SsaMethod::forEachInsn (36 bytes)
Event: 4.612 Thread 0x0000000008473800 nmethod 91 0x000000000271f010 code [0x000000000271f160, 0x000000000271f368]
Event: 4.612 Thread 0x000000000847d800   92             com.android.dx.ssa.SsaBasicBlock::isReachable (29 bytes)
Event: 4.614 Thread 0x000000000847d800 nmethod 92 0x0000000002721290 code [0x00000000027213e0, 0x0000000002721488]
Event: 4.622 Thread 0x0000000008473800   93             java.util.BitSet::cardinality (32 bytes)
Event: 4.625 Thread 0x0000000008473800 nmethod 93 0x0000000002721050 code [0x0000000002721180, 0x0000000002721218]
Event: 5.073 Thread 0x000000000847d800   94             com.android.dx.ssa.back.LivenessAnalyzer::handleTailRecursion (94 bytes)
Event: 5.091 Thread 0x0000000008473800   95             com.android.dx.rop.code.InsnList::forEach (28 bytes)
Event: 5.096 Thread 0x0000000008473800 nmethod 95 0x0000000002720bd0 code [0x0000000002720d20, 0x0000000002720e78]

GC Heap History (1 events):
Event: 5.103 GC heap before
{Heap before GC invocations=1 (full 0):
 PSYoungGen      total 18432K, used 15872K [0x00000000eaa80000, 0x00000000ebf00000, 0x0000000100000000)
  eden space 15872K, 100% used [0x00000000eaa80000,0x00000000eba00000,0x00000000eba00000)
  from space 2560K, 0% used [0x00000000ebc80000,0x00000000ebc80000,0x00000000ebf00000)
  to   space 2560K, 0% used [0x00000000eba00000,0x00000000eba00000,0x00000000ebc80000)
 ParOldGen       total 41472K, used 0K [0x00000000c0000000, 0x00000000c2880000, 0x00000000eaa80000)
  object space 41472K, 0% used [0x00000000c0000000,0x00000000c0000000,0x00000000c2880000)
 PSPermGen       total 21504K, used 5626K [0x00000000bae00000, 0x00000000bc300000, 0x00000000c0000000)
  object space 21504K, 26% used [0x00000000bae00000,0x00000000bb37e8d0,0x00000000bc300000)

Deoptimization events (6 events):
Event: 4.105 Thread 0x0000000009f2e800 Uncommon trap: reason=class_check action=maybe_recompile pc=0x00000000027153f4 method=com.android.dx.ssa.NormalSsaInsn.accept(Lcom/android/dx/ssa/SsaInsn$Visitor;)V @ 9
Event: 4.105 Thread 0x0000000009f2e800 Uncommon trap: reason=class_check action=maybe_recompile pc=0x00000000027153f4 method=com.android.dx.ssa.NormalSsaInsn.accept(Lcom/android/dx/ssa/SsaInsn$Visitor;)V @ 9
Event: 4.106 Thread 0x0000000009f2e800 Uncommon trap: reason=class_check action=maybe_recompile pc=0x00000000027153f4 method=com.android.dx.ssa.NormalSsaInsn.accept(Lcom/android/dx/ssa/SsaInsn$Visitor;)V @ 9
Event: 4.108 Thread 0x0000000009f2e800 Uncommon trap: reason=class_check action=maybe_recompile pc=0x00000000027153f4 method=com.android.dx.ssa.NormalSsaInsn.accept(Lcom/android/dx/ssa/SsaInsn$Visitor;)V @ 9
Event: 4.175 Thread 0x0000000009f2b800 Uncommon trap: reason=null_check action=make_not_entrant pc=0x0000000002725744 method=com.android.dx.rop.code.LocalItem.equals(Ljava/lang/Object;)Z @ 1
Event: 4.176 Thread 0x0000000009f2b800 Uncommon trap: reason=null_check action=make_not_entrant pc=0x0000000002726c10 method=com.android.dx.rop.code.LocalItem.equals(Ljava/lang/Object;)Z @ 1

Internal exceptions (10 events):
Event: 3.410 Thread 0x0000000009f28000 Threw 0x00000000eb252df0 at C:\re\jdk7u79\2331\hotspot\src\share\vm\prims\jvm.cpp:1304
Event: 3.415 Thread 0x0000000009f31000 Threw 0x00000000eb1b5bd0 at C:\re\jdk7u79\2331\hotspot\src\share\vm\prims\jvm.cpp:1304
Event: 3.416 Thread 0x0000000009f28000 Threw 0x00000000eb3916b0 at C:\re\jdk7u79\2331\hotspot\src\share\vm\prims\jvm.cpp:1304
Event: 3.421 Thread 0x0000000009f2b800 Threw 0x00000000eb341b08 at C:\re\jdk7u79\2331\hotspot\src\share\vm\prims\jvm.cpp:1304
Event: 3.430 Thread 0x0000000009f28000 Threw 0x00000000eb39bda8 at C:\re\jdk7u79\2331\hotspot\src\share\vm\prims\jvm.cpp:1304
Event: 3.452 Thread 0x00000000025a0800 Threw 0x00000000eb200f18 at C:\re\jdk7u79\2331\hotspot\src\share\vm\prims\jvm.cpp:1304
Event: 3.453 Thread 0x00000000025a0800 Threw 0x00000000eb203d88 at C:\re\jdk7u79\2331\hotspot\src\share\vm\prims\jvm.cpp:1304
Event: 3.663 Thread 0x0000000009f2b800 Threw 0x00000000eb442cc8 at C:\re\jdk7u79\2331\hotspot\src\share\vm\prims\jvm.cpp:1304
Event: 4.175 Thread 0x0000000009f2b800 Implicit null exception at 0x00000000027253e0 to 0x000000000272572d
Event: 4.176 Thread 0x0000000009f2b800 Implicit null exception at 0x00000000027263f0 to 0x0000000002726bf5

Events (10 events):
Event: 4.108 Thread 0x0000000009f2e800 Uncommon trap: trap_request=0xffffffde fr.pc=0x00000000027153f4
Event: 4.108 Thread 0x0000000009f2e800 DEOPT PACKING pc=0x00000000027153f4 sp=0x000000000a5eea50
Event: 4.108 Thread 0x0000000009f2e800 DEOPT UNPACKING pc=0x00000000026d9064 sp=0x000000000a5ee9a0 mode 2
Event: 4.175 Thread 0x0000000009f2b800 Uncommon trap: trap_request=0xfffffff4 fr.pc=0x0000000002725744
Event: 4.175 Thread 0x0000000009f2b800 DEOPT PACKING pc=0x0000000002725744 sp=0x000000000a4ee5d0
Event: 4.175 Thread 0x0000000009f2b800 DEOPT UNPACKING pc=0x00000000026d9064 sp=0x000000000a4ee520 mode 2
Event: 4.176 Thread 0x0000000009f2b800 Uncommon trap: trap_request=0xfffffff4 fr.pc=0x0000000002726c10
Event: 4.176 Thread 0x0000000009f2b800 DEOPT PACKING pc=0x0000000002726c10 sp=0x000000000a4ee730
Event: 4.176 Thread 0x0000000009f2b800 DEOPT UNPACKING pc=0x00000000026d9064 sp=0x000000000a4ee4c0 mode 2
Event: 5.103 Executing VM operation: ParallelGCFailedAllocation


Dynamic libraries:
0x00007ff6bfac0000 - 0x00007ff6bfaf3000 	C:\Program Files\Java\jdk1.7.0_79\bin\java.exe
0x00007ff981fa0000 - 0x00007ff98214d000 	C:\Windows\SYSTEM32\ntdll.dll
0x00007ff97f7f0000 - 0x00007ff97f92e000 	C:\Windows\system32\KERNEL32.DLL
0x00007ff97f510000 - 0x00007ff97f625000 	C:\Windows\system32\KERNELBASE.dll
0x00007ff97daf0000 - 0x00007ff97db7e000 	C:\Windows\system32\apphelp.dll
0x00007ff9777a0000 - 0x00007ff9777f3000 	C:\Windows\AppPatch\AppPatch64\AcGenral.DLL
0x00007ff981ce0000 - 0x00007ff981d8a000 	C:\Windows\system32\msvcrt.dll
0x00007ff97f430000 - 0x00007ff97f45e000 	C:\Windows\system32\SspiCli.dll
0x00007ff981f40000 - 0x00007ff981f94000 	C:\Windows\system32\SHLWAPI.dll
0x00007ff9811b0000 - 0x00007ff981327000 	C:\Windows\system32\USER32.dll
0x00007ff981330000 - 0x00007ff9814c4000 	C:\Windows\system32\ole32.dll
0x00007ff97fc50000 - 0x00007ff98117a000 	C:\Windows\system32\SHELL32.dll
0x00007ff97e6a0000 - 0x00007ff97e6c1000 	C:\Windows\SYSTEM32\USERENV.dll
0x00007ff97fb90000 - 0x00007ff97fc3a000 	C:\Windows\system32\ADVAPI32.dll
0x00007ff977310000 - 0x00007ff97732e000 	C:\Windows\SYSTEM32\MPR.dll
0x00007ff981e00000 - 0x00007ff981f40000 	C:\Windows\system32\RPCRT4.dll
0x00007ff981da0000 - 0x00007ff981df9000 	C:\Windows\SYSTEM32\sechost.dll
0x00007ff97f970000 - 0x00007ff97fb81000 	C:\Windows\SYSTEM32\combase.dll
0x00007ff9815a0000 - 0x00007ff9816ef000 	C:\Windows\system32\GDI32.dll
0x00007ff97f0d0000 - 0x00007ff97f0e5000 	C:\Windows\SYSTEM32\profapi.dll
0x00007ff97d750000 - 0x00007ff97d802000 	C:\Windows\SYSTEM32\SHCORE.dll
0x00007ff97f930000 - 0x00007ff97f966000 	C:\Windows\system32\IMM32.DLL
0x00007ff97f630000 - 0x00007ff97f782000 	C:\Windows\system32\MSCTF.dll
0x00007ff97ce80000 - 0x00007ff97d0fb000 	C:\Windows\WinSxS\amd64_microsoft.windows.common-controls_6595b64144ccf1df_6.0.9600.18006_none_623f33d3ecbe86e8\COMCTL32.dll
0x000000005d680000 - 0x000000005d752000 	C:\Program Files\Java\jdk1.7.0_79\jre\bin\msvcr100.dll
0x000000005cea0000 - 0x000000005d675000 	C:\Program Files\Java\jdk1.7.0_79\jre\bin\server\jvm.dll
0x00007ff974860000 - 0x00007ff974869000 	C:\Windows\SYSTEM32\WSOCK32.dll
0x00007ff974720000 - 0x00007ff974742000 	C:\Windows\SYSTEM32\WINMM.dll
0x00007ff97fc40000 - 0x00007ff97fc47000 	C:\Windows\system32\PSAPI.DLL
0x00007ff981a00000 - 0x00007ff981a5a000 	C:\Windows\system32\WS2_32.dll
0x00007ff973d50000 - 0x00007ff973d7a000 	C:\Windows\SYSTEM32\WINMMBASE.dll
0x00007ff981d90000 - 0x00007ff981d99000 	C:\Windows\system32\NSI.dll
0x00007ff97f380000 - 0x00007ff97f3cf000 	C:\Windows\SYSTEM32\cfgmgr32.dll
0x00007ff97df10000 - 0x00007ff97df38000 	C:\Windows\SYSTEM32\DEVOBJ.dll
0x000000005ce90000 - 0x000000005ce9f000 	C:\Program Files\Java\jdk1.7.0_79\jre\bin\verify.dll
0x000000005ce60000 - 0x000000005ce88000 	C:\Program Files\Java\jdk1.7.0_79\jre\bin\java.dll
0x000000005ce40000 - 0x000000005ce55000 	C:\Program Files\Java\jdk1.7.0_79\jre\bin\zip.dll
0x000000005ce20000 - 0x000000005ce3a000 	C:\Program Files\Java\jdk1.7.0_79\jre\bin\net.dll
0x00007ff97e910000 - 0x00007ff97e969000 	C:\Windows\system32\mswsock.dll
0x000000005ce00000 - 0x000000005ce11000 	C:\Program Files\Java\jdk1.7.0_79\jre\bin\nio.dll
0x00007ff97c1e0000 - 0x00007ff97c369000 	C:\Windows\SYSTEM32\dbghelp.dll

VM Arguments:
jvm_args: -Djava.awt.headless=true -Xmx1024M -Dfile.encoding=windows-1252 -Duser.country=NI -Duser.language=es -Duser.variant 
java_command: com.android.dx.command.Main --dex --force-jumbo --num-threads=4 --output C:\Users\Stark\AndroidStudioProjects\Sifac\app\build\intermediates\pre-dexed\debug\retrofit-2.0.2_f4e3ea21c050922b05efe3a19f6cc9b72694432f.jar C:\Users\Stark\.gradle\caches\modules-2\files-2.1\com.squareup.retrofit2\retrofit\2.0.2\43eeae0b9fb087bb3194ba59ab63a38a32fbf3e\retrofit-2.0.2.jar
Launcher Type: SUN_STANDARD

Environment Variables:
JAVA_HOME=C:\Program Files\Java\jdk1.8.0_92
PATH=C:\ProgramData\Oracle\Java\javapath;C:\Windows\system32;C:\Windows;C:\Windows\System32\Wbem;C:\Windows\System32\WindowsPowerShell\v1.0\;C:\Program Files\Git\cmd
USERNAME=Stark
OS=Windows_NT
PROCESSOR_IDENTIFIER=Intel64 Family 6 Model 37 Stepping 5, GenuineIntel



---------------  S Y S T E M  ---------------

OS: Windows 8.1 , 64 bit Build 9600 

CPU:total 4 (2 cores per cpu, 2 threads per core) family 6 model 37 stepping 5, cmov, cx8, fxsr, mmx, sse, sse2, sse3, ssse3, sse4.1, sse4.2, popcnt, ht, tsc, tscinvbit

Memory: 4k page, physical 3985968k(691700k free), swap 5427760k(795276k free)

vm_info: Java HotSpot(TM) 64-Bit Server VM (24.79-b02) for windows-amd64 JRE (1.7.0_79-b15), built on Apr 10 2015 12:36:16 by "java_re" with unknown MS VC++:1600

time: Sun Jul 03 14:00:02 2016
elapsed time: 6 seconds

